2021-06-16 17:03:23.056  INFO [aid=new-project,tid=,sid=,cty=,crmUserId=] 76157 --- [main] u.c.i.s.DocumentServiceApplication       : The following profiles are active: api-bestpractice
2021-06-16 17:03:24.036  INFO [aid=new-project,tid=,sid=,cty=,crmUserId=] 76157 --- [main] .s.d.r.c.RepositoryConfigurationDelegate : Multiple Spring Data modules found, entering strict repository configuration mode!
2021-06-16 17:03:24.039  INFO [aid=new-project,tid=,sid=,cty=,crmUserId=] 76157 --- [main] .s.d.r.c.RepositoryConfigurationDelegate : Bootstrapping Spring Data Redis repositories in DEFAULT mode.
2021-06-16 17:03:24.060  INFO [aid=new-project,tid=,sid=,cty=,crmUserId=] 76157 --- [main] .s.d.r.c.RepositoryConfigurationDelegate : Finished Spring Data repository scanning in 7 ms. Found 0 Redis repository interfaces.
2021-06-16 17:03:24.811  INFO [aid=new-project,tid=,sid=,cty=,crmUserId=] 76157 --- [main] u.c.i.c.a.b.w.WarmupAutoConfiguration    : Warming up netty started.
2021-06-16 17:03:24.936  INFO [aid=new-project,tid=,sid=,cty=,crmUserId=] 76157 --- [main] u.c.i.c.a.b.w.WarmupAutoConfiguration    : Warming up netty finished.
2021-06-16 17:03:25.250  INFO [aid=new-project,tid=,sid=,cty=,crmUserId=] 76157 --- [main] ctiveUserDetailsServiceAutoConfiguration : 

Using generated security password: 29691aaa-3bce-4d4a-8b24-1413168191ef

2021-06-16 17:03:27.093  INFO [aid=new-project,tid=,sid=,cty=,crmUserId=] 76157 --- [main] u.c.i.c.a.b.d.DeprecatedApiWebFilter     : Creating DeprecatedApiWebFilter
2021-06-16 17:03:28.042  INFO [aid=new-project,tid=,sid=,cty=,crmUserId=] 76157 --- [main] gingAutoConfiguration$LogOutSystemConfig : ********************************
2021-06-16 17:03:28.043  INFO [aid=new-project,tid=,sid=,cty=,crmUserId=] 76157 --- [main] gingAutoConfiguration$LogOutSystemConfig : * Common System Config:
2021-06-16 17:03:28.043  INFO [aid=new-project,tid=,sid=,cty=,crmUserId=] 76157 --- [main] gingAutoConfiguration$LogOutSystemConfig : *
2021-06-16 17:03:28.043  INFO [aid=new-project,tid=,sid=,cty=,crmUserId=] 76157 --- [main] gingAutoConfiguration$LogOutSystemConfig : * uk.co.ii.env.name=localdev
2021-06-16 17:03:28.045  INFO [aid=new-project,tid=,sid=,cty=,crmUserId=] 76157 --- [main] gingAutoConfiguration$LogOutSystemConfig : * uk.co.ii.env.subdomain=localdev
2021-06-16 17:03:28.046  INFO [aid=new-project,tid=,sid=,cty=,crmUserId=] 76157 --- [main] gingAutoConfiguration$LogOutSystemConfig : * aws.paramstore.enabled=false
2021-06-16 17:03:28.046  INFO [aid=new-project,tid=,sid=,cty=,crmUserId=] 76157 --- [main] gingAutoConfiguration$LogOutSystemConfig : * management.metrics.export.cloudwatch.enabled=null
2021-06-16 17:03:28.046  INFO [aid=new-project,tid=,sid=,cty=,crmUserId=] 76157 --- [main] gingAutoConfiguration$LogOutSystemConfig : *
2021-06-16 17:03:28.046  INFO [aid=new-project,tid=,sid=,cty=,crmUserId=] 76157 --- [main] gingAutoConfiguration$LogOutSystemConfig : ********************************
2021-06-16 17:03:28.056  INFO [aid=new-project,tid=,sid=,cty=,crmUserId=] 76157 --- [main] .OneStackTraceWebClientAutoConfiguration : SleuthWebClientThirdPartyTraceFilterFactory created
2021-06-16 17:03:28.061  INFO [aid=new-project,tid=,sid=,cty=,crmUserId=] 76157 --- [main] u.c.i.c.a.s.l.LoggingAutoConfiguration   : LoggingAutoConfiguration
2021-06-16 17:03:28.425  INFO [aid=new-project,tid=,sid=,cty=,crmUserId=] 76157 --- [main] .s.h.a.r.r.CustomerPermissionsRepository : customerPermissionsUrl: http://localhost:8600/account-service/api/1/customers/{customerId}/permissions
2021-06-16 17:03:28.426  INFO [aid=new-project,tid=,sid=,cty=,crmUserId=] 76157 --- [main] .s.h.a.r.r.CustomerPermissionsRepository : crmUserPermissionsUrl: http://localhost:8600/account-service/api/1/crm-users/{crmUserId}/customers/{customerId}/permissions
2021-06-16 17:03:28.426  INFO [aid=new-project,tid=,sid=,cty=,crmUserId=] 76157 --- [main] .s.h.a.r.r.CustomerPermissionsRepository : permissions timeout: null
2021-06-16 17:03:28.435  INFO [aid=new-project,tid=,sid=,cty=,crmUserId=] 76157 --- [main] s.r.EnrolledPermissionsAutoConfiguration : Creating authorizationDecisionHelper
2021-06-16 17:03:28.446  INFO [aid=new-project,tid=,sid=,cty=,crmUserId=] 76157 --- [main] w.JhcApiWebClientConfigurerConfiguration : JhcApiWebClientConfigurerConfiguration
2021-06-16 17:03:28.496  INFO [aid=new-project,tid=,sid=,cty=,crmUserId=] 76157 --- [main] .WebClientThirdPartyTraceHashMapRegistry : Registering http://jhc-api.ii.co.uk/201 -> jhc-api. (originalUrl=http://jhc-api.ii.co.uk/201)
2021-06-16 17:03:28.496  INFO [aid=new-project,tid=,sid=,cty=,crmUserId=] 76157 --- [main] u.c.i.c.j.repository.CcmJhcCrudGateway   : JHC API base url: http://jhc-api.ii.co.uk/201
2021-06-16 17:03:28.498  INFO [aid=new-project,tid=,sid=,cty=,crmUserId=] 76157 --- [main] c.i.c.a.b.h.w.WebClientConnectionBuilder : Connection timeout = 5000 ms, Read/Write timeout = 30000 ms
2021-06-16 17:03:28.499  INFO [aid=new-project,tid=,sid=,cty=,crmUserId=] 76157 --- [main] c.i.c.a.b.h.w.WebClientConnectionBuilder : Warming up netty HttpClient started.
2021-06-16 17:03:28.504  INFO [aid=new-project,tid=,sid=,cty=,crmUserId=] 76157 --- [main] c.i.c.a.b.h.w.WebClientConnectionBuilder : Warming up netty HttpClient finished.
2021-06-16 17:03:28.507  INFO [aid=new-project,tid=,sid=,cty=,crmUserId=] 76157 --- [main] u.c.i.c.j.CcmRepositoryAutoConfiguration : Post CCM Action url: /ccmaction?template-id={templateId}&commit-action={commit}&username=RESTAPI
2021-06-16 17:03:28.507  INFO [aid=new-project,tid=,sid=,cty=,crmUserId=] 76157 --- [main] u.c.i.c.j.CcmRepositoryAutoConfiguration : Get CCM Action url: /ccmaction/{actionId}?include=ccm-data-items
2021-06-16 17:03:28.507  INFO [aid=new-project,tid=,sid=,cty=,crmUserId=] 76157 --- [main] u.c.i.c.j.CcmRepositoryAutoConfiguration : Put CCM Action url: /ccmaction/{actionId}?username={username}&commit-action=true
2021-06-16 17:03:28.507  INFO [aid=new-project,tid=,sid=,cty=,crmUserId=] 76157 --- [main] u.c.i.c.j.CcmRepositoryAutoConfiguration : Delete CCM Action url: /ccmaction/{action-id}
2021-06-16 17:03:28.526  INFO [aid=new-project,tid=,sid=,cty=,crmUserId=] 76157 --- [main] c.i.d.c.DateTimeFactoryAutoConfiguration : DateTimeFactoryAutoConfiguration started
2021-06-16 17:03:28.528  INFO [aid=new-project,tid=,sid=,cty=,crmUserId=] 76157 --- [main] i.s.j.s.c.JhcInstrumentAutoConfiguration : Started JhcInstrumentAutoConfiguration
2021-06-16 17:03:28.656  INFO [aid=new-project,tid=,sid=,cty=,crmUserId=] 76157 --- [main] o.s.b.web.embedded.netty.NettyWebServer  : Netty started on port 8620
2021-06-16 17:03:28.707  INFO [aid=new-project,tid=,sid=,cty=,crmUserId=] 76157 --- [main] o.s.b.a.e.web.EndpointLinksResolver      : Exposing 28 endpoint(s) beneath base path '/actuator'
2021-06-16 17:03:28.975  INFO [aid=new-project,tid=,sid=,cty=,crmUserId=] 76157 --- [main] o.s.b.web.embedded.netty.NettyWebServer  : Netty started on port 9620
2021-06-16 17:03:28.996  INFO [aid=new-project,tid=,sid=,cty=,crmUserId=] 76157 --- [main] u.c.i.s.DocumentServiceApplication       : Started DocumentServiceApplication in 7.343 seconds (JVM running for 8.186)
